# JRE version: Java(TM) SE Runtime Environment (8.0_65-b17) (build 1.8.0_65-b17)
# Java VM: Java HotSpot(TM) 64-Bit Server VM (25.65-b01 mixed mode windows-amd64 compressed oops)
Heap:
 PSYoungGen      total 340992K, used 279039K [0x0000000780700000, 0x000000079c100000, 0x00000007c0000000)
  eden space 279040K, 99% used [0x0000000780700000,0x000000079177fff8,0x0000000791780000)
  from space 61952K, 0% used [0x0000000798480000,0x0000000798480000,0x000000079c100000)
  to   space 60416K, 100% used [0x0000000791780000,0x0000000795280000,0x0000000795280000)
 ParOldGen       total 2083840K, used 356388K [0x0000000701400000, 0x0000000780700000, 0x0000000780700000)
  object space 2083840K, 17% used [0x0000000701400000,0x0000000717009238,0x0000000780700000)
 Metaspace       used 12922K, capacity 13266K, committed 13568K, reserved 1060864K
  class space    used 1282K, capacity 1409K, committed 1536K, reserved 1048576K
GC Heap History (10 events):
Event: 269.349 GC heap after
Heap after GC invocations=332 (full 320):
 PSYoungGen      total 340992K, used 279039K [0x0000000780700000, 0x000000079c100000, 0x00000007c0000000)
  eden space 279040K, 99% used [0x0000000780700000,0x000000079177fff8,0x0000000791780000)
  from space 61952K, 0% used [0x0000000798480000,0x0000000798480000,0x000000079c100000)
  to   space 60416K, 0% used [0x0000000791780000,0x0000000791780000,0x0000000795280000)
 ParOldGen       total 335872K, used 335455K [0x0000000701400000, 0x0000000715c00000, 0x0000000780700000)
  object space 335872K, 99% used [0x0000000701400000,0x0000000715b97f88,0x0000000715c00000)
 Metaspace       used 12922K, capacity 13266K, committed 13568K, reserved 1060864K
  class space    used 1282K, capacity 1409K, committed 1536K, reserved 1048576K
}
Event: 269.350 GC heap before
{Heap before GC invocations=333 (full 321):
 PSYoungGen      total 340992K, used 279039K [0x0000000780700000, 0x000000079c100000, 0x00000007c0000000)
  eden space 279040K, 99% used [0x0000000780700000,0x000000079177fff8,0x0000000791780000)
  from space 61952K, 0% used [0x0000000798480000,0x0000000798480000,0x000000079c100000)
  to   space 60416K, 0% used [0x0000000791780000,0x0000000791780000,0x0000000795280000)
 ParOldGen       total 335872K, used 335457K [0x0000000701400000, 0x0000000715c00000, 0x0000000780700000)
  object space 335872K, 99% used [0x0000000701400000,0x0000000715b985e8,0x0000000715c00000)
 Metaspace       used 12922K, capacity 13266K, committed 13568K, reserved 1060864K
  class space    used 1282K, capacity 1409K, committed 1536K, reserved 1048576K
Event: 270.259 GC heap after
Heap after GC invocations=333 (full 321):
 PSYoungGen      total 340992K, used 279039K [0x0000000780700000, 0x000000079c100000, 0x00000007c0000000)
  eden space 279040K, 99% used [0x0000000780700000,0x000000079177fff8,0x0000000791780000)
  from space 61952K, 0% used [0x0000000798480000,0x0000000798480000,0x000000079c100000)
  to   space 60416K, 0% used [0x0000000791780000,0x0000000791780000,0x0000000795280000)
 ParOldGen       total 335872K, used 335456K [0x0000000701400000, 0x0000000715c00000, 0x0000000780700000)
  object space 335872K, 99% used [0x0000000701400000,0x0000000715b98288,0x0000000715c00000)
 Metaspace       used 12922K, capacity 13266K, committed 13568K, reserved 1060864K
  class space    used 1282K, capacity 1409K, committed 1536K, reserved 1048576K
}
Event: 270.260 GC heap before
{Heap before GC invocations=334 (full 322):
 PSYoungGen      total 340992K, used 279039K [0x0000000780700000, 0x000000079c100000, 0x00000007c0000000)
  eden space 279040K, 99% used [0x0000000780700000,0x000000079177fff8,0x0000000791780000)
  from space 61952K, 0% used [0x0000000798480000,0x0000000798480000,0x000000079c100000)
  to   space 60416K, 0% used [0x0000000791780000,0x0000000791780000,0x0000000795280000)
 ParOldGen       total 335872K, used 335458K [0x0000000701400000, 0x0000000715c00000, 0x0000000780700000)
  object space 335872K, 99% used [0x0000000701400000,0x0000000715b988f8,0x0000000715c00000)
 Metaspace       used 12922K, capacity 13266K, committed 13568K, reserved 1060864K
  class space    used 1282K, capacity 1409K, committed 1536K, reserved 1048576K
Event: 271.142 GC heap after
Heap after GC invocations=334 (full 322):
 PSYoungGen      total 340992K, used 279039K [0x0000000780700000, 0x000000079c100000, 0x00000007c0000000)
  eden space 279040K, 99% used [0x0000000780700000,0x000000079177fff8,0x0000000791780000)
  from space 61952K, 0% used [0x0000000798480000,0x0000000798480000,0x000000079c100000)
  to   space 60416K, 0% used [0x0000000791780000,0x0000000791780000,0x0000000795280000)
 ParOldGen       total 335872K, used 335457K [0x0000000701400000, 0x0000000715c00000, 0x0000000780700000)
  object space 335872K, 99% used [0x0000000701400000,0x0000000715b98580,0x0000000715c00000)
 Metaspace       used 12922K, capacity 13266K, committed 13568K, reserved 1060864K
  class space    used 1282K, capacity 1409K, committed 1536K, reserved 1048576K
}
Event: 271.142 GC heap before
{Heap before GC invocations=335 (full 323):
 PSYoungGen      total 340992K, used 279039K [0x0000000780700000, 0x000000079c100000, 0x00000007c0000000)
  eden space 279040K, 99% used [0x0000000780700000,0x000000079177fff8,0x0000000791780000)
  from space 61952K, 0% used [0x0000000798480000,0x0000000798480000,0x000000079c100000)
  to   space 60416K, 0% used [0x0000000791780000,0x0000000791780000,0x0000000795280000)
 ParOldGen       total 335872K, used 335458K [0x0000000701400000, 0x0000000715c00000, 0x0000000780700000)
  object space 335872K, 99% used [0x0000000701400000,0x0000000715b98bd0,0x0000000715c00000)
 Metaspace       used 12922K, capacity 13266K, committed 13568K, reserved 1060864K
  class space    used 1282K, capacity 1409K, committed 1536K, reserved 1048576K
Event: 272.051 GC heap after
Heap after GC invocations=335 (full 323):
 PSYoungGen      total 340992K, used 279039K [0x0000000780700000, 0x000000079c100000, 0x00000007c0000000)
  eden space 279040K, 99% used [0x0000000780700000,0x000000079177fff8,0x0000000791780000)
  from space 61952K, 0% used [0x0000000798480000,0x0000000798480000,0x000000079c100000)
  to   space 60416K, 0% used [0x0000000791780000,0x0000000791780000,0x0000000795280000)
 ParOldGen       total 335872K, used 335458K [0x0000000701400000, 0x0000000715c00000, 0x0000000780700000)
  object space 335872K, 99% used [0x0000000701400000,0x0000000715b98888,0x0000000715c00000)
 Metaspace       used 12922K, capacity 13266K, committed 13568K, reserved 1060864K
  class space    used 1282K, capacity 1409K, committed 1536K, reserved 1048576K
}
Event: 272.051 GC heap before
{Heap before GC invocations=336 (full 324):
 PSYoungGen      total 340992K, used 279039K [0x0000000780700000, 0x000000079c100000, 0x00000007c0000000)
  eden space 279040K, 99% used [0x0000000780700000,0x000000079177fff8,0x0000000791780000)
  from space 61952K, 0% used [0x0000000798480000,0x0000000798480000,0x000000079c100000)
  to   space 60416K, 0% used [0x0000000791780000,0x0000000791780000,0x0000000795280000)
 ParOldGen       total 335872K, used 335459K [0x0000000701400000, 0x0000000715c00000, 0x0000000780700000)
  object space 335872K, 99% used [0x0000000701400000,0x0000000715b98ee8,0x0000000715c00000)
 Metaspace       used 12922K, capacity 13266K, committed 13568K, reserved 1060864K
  class space    used 1282K, capacity 1409K, committed 1536K, reserved 1048576K
Event: 272.974 GC heap after
Heap after GC invocations=336 (full 324):
 PSYoungGen      total 340992K, used 279039K [0x0000000780700000, 0x000000079c100000, 0x00000007c0000000)
  eden space 279040K, 99% used [0x0000000780700000,0x000000079177fff8,0x0000000791780000)
  from space 61952K, 0% used [0x0000000798480000,0x0000000798480000,0x000000079c100000)
  to   space 60416K, 0% used [0x0000000791780000,0x0000000791780000,0x0000000795280000)
 ParOldGen       total 2083840K, used 335458K [0x0000000701400000, 0x0000000780700000, 0x0000000780700000)
  object space 2083840K, 16% used [0x0000000701400000,0x0000000715b98b90,0x0000000780700000)
 Metaspace       used 12922K, capacity 13266K, committed 13568K, reserved 1060864K
  class space    used 1282K, capacity 1409K, committed 1536K, reserved 1048576K
}
Event: 272.974 GC heap before
{Heap before GC invocations=337 (full 324):
 PSYoungGen      total 340992K, used 279039K [0x0000000780700000, 0x000000079c100000, 0x00000007c0000000)
  eden space 279040K, 99% used [0x0000000780700000,0x000000079177fff8,0x0000000791780000)
  from space 61952K, 0% used [0x0000000798480000,0x0000000798480000,0x000000079c100000)
  to   space 60416K, 0% used [0x0000000791780000,0x0000000791780000,0x0000000795280000)
 ParOldGen       total 2083840K, used 335460K [0x0000000701400000, 0x0000000780700000, 0x0000000780700000)
  object space 2083840K, 16% used [0x0000000701400000,0x0000000715b99238,0x0000000780700000)
 Metaspace       used 12922K, capacity 13266K, committed 13568K, reserved 1060864K
  class space    used 1282K, capacity 1409K, committed 1536K, reserved 1048576K

